<?xml version="1.0" encoding="UTF-8"?>
<testsuites name="jest tests" tests="6" failures="6" errors="0" time="1.569">
  <testsuite name="Users API" errors="0" failures="6" skipped="0" timestamp="2025-09-07T12:31:02" time="1.462" tests="6">
    <testcase classname="Users API should get a list of users" name="Users API should get a list of users" time="0.141">
      <failure>AggregateError: 
    at Function.Object.&lt;anonymous&gt;.AxiosError.from (/Users/macbookpro/Desktop/GitHub/100-Days-of-Nodejs/level-03/automated-testing-framework/node_modules/axios/lib/core/AxiosError.js:92:14)
    at RedirectableRequest.handleRequestError (/Users/macbookpro/Desktop/GitHub/100-Days-of-Nodejs/level-03/automated-testing-framework/node_modules/axios/lib/adapters/http.js:620:25)
    at RedirectableRequest.emit (node:events:519:35)
    at ClientRequest.eventHandlers.&lt;computed&gt; (/Users/macbookpro/Desktop/GitHub/100-Days-of-Nodejs/level-03/automated-testing-framework/node_modules/follow-redirects/index.js:49:24)
    at ClientRequest.emit (node:events:507:28)
    at emitErrorEvent (node:_http_client:104:11)
    at Socket.socketErrorListener (node:_http_client:518:5)
    at Socket.emit (node:events:507:28)
    at emitErrorNT (node:internal/streams/destroy:170:8)
    at emitErrorCloseNT (node:internal/streams/destroy:129:3)
    at processTicksAndRejections (node:internal/process/task_queues:90:21)
    at Axios.request (/Users/macbookpro/Desktop/GitHub/100-Days-of-Nodejs/level-03/automated-testing-framework/node_modules/axios/lib/core/Axios.js:45:41)
    at processTicksAndRejections (node:internal/process/task_queues:105:5)
    at Object.&lt;anonymous&gt; (/Users/macbookpro/Desktop/GitHub/100-Days-of-Nodejs/level-03/automated-testing-framework/tests/api/users.test.js:15:22)</failure>
    </testcase>
    <testcase classname="Users API should get a single user by ID" name="Users API should get a single user by ID" time="0.01">
      <failure>AggregateError: 
    at Function.Object.&lt;anonymous&gt;.AxiosError.from (/Users/macbookpro/Desktop/GitHub/100-Days-of-Nodejs/level-03/automated-testing-framework/node_modules/axios/lib/core/AxiosError.js:92:14)
    at RedirectableRequest.handleRequestError (/Users/macbookpro/Desktop/GitHub/100-Days-of-Nodejs/level-03/automated-testing-framework/node_modules/axios/lib/adapters/http.js:620:25)
    at RedirectableRequest.emit (node:events:519:35)
    at ClientRequest.eventHandlers.&lt;computed&gt; (/Users/macbookpro/Desktop/GitHub/100-Days-of-Nodejs/level-03/automated-testing-framework/node_modules/follow-redirects/index.js:49:24)
    at ClientRequest.emit (node:events:507:28)
    at emitErrorEvent (node:_http_client:104:11)
    at Socket.socketErrorListener (node:_http_client:518:5)
    at Socket.emit (node:events:507:28)
    at emitErrorNT (node:internal/streams/destroy:170:8)
    at emitErrorCloseNT (node:internal/streams/destroy:129:3)
    at processTicksAndRejections (node:internal/process/task_queues:90:21)
    at Axios.request (/Users/macbookpro/Desktop/GitHub/100-Days-of-Nodejs/level-03/automated-testing-framework/node_modules/axios/lib/core/Axios.js:45:41)
    at processTicksAndRejections (node:internal/process/task_queues:105:5)
    at Object.&lt;anonymous&gt; (/Users/macbookpro/Desktop/GitHub/100-Days-of-Nodejs/level-03/automated-testing-framework/tests/api/users.test.js:35:22)</failure>
    </testcase>
    <testcase classname="Users API should return 404 for non-existent user" name="Users API should return 404 for non-existent user" time="0.011">
      <failure>TypeError: Cannot read properties of undefined (reading &apos;status&apos;)
    at Object.status (/Users/macbookpro/Desktop/GitHub/100-Days-of-Nodejs/level-03/automated-testing-framework/tests/api/users.test.js:51:29)
    at processTicksAndRejections (node:internal/process/task_queues:105:5)</failure>
    </testcase>
    <testcase classname="Users API should create a new user" name="Users API should create a new user" time="0.006">
      <failure>AggregateError: 
    at Function.Object.&lt;anonymous&gt;.AxiosError.from (/Users/macbookpro/Desktop/GitHub/100-Days-of-Nodejs/level-03/automated-testing-framework/node_modules/axios/lib/core/AxiosError.js:92:14)
    at RedirectableRequest.handleRequestError (/Users/macbookpro/Desktop/GitHub/100-Days-of-Nodejs/level-03/automated-testing-framework/node_modules/axios/lib/adapters/http.js:620:25)
    at RedirectableRequest.emit (node:events:519:35)
    at ClientRequest.eventHandlers.&lt;computed&gt; (/Users/macbookpro/Desktop/GitHub/100-Days-of-Nodejs/level-03/automated-testing-framework/node_modules/follow-redirects/index.js:49:24)
    at ClientRequest.emit (node:events:507:28)
    at emitErrorEvent (node:_http_client:104:11)
    at Socket.socketErrorListener (node:_http_client:518:5)
    at Socket.emit (node:events:507:28)
    at emitErrorNT (node:internal/streams/destroy:170:8)
    at emitErrorCloseNT (node:internal/streams/destroy:129:3)
    at processTicksAndRejections (node:internal/process/task_queues:90:21)
    at Axios.request (/Users/macbookpro/Desktop/GitHub/100-Days-of-Nodejs/level-03/automated-testing-framework/node_modules/axios/lib/core/Axios.js:45:41)
    at processTicksAndRejections (node:internal/process/task_queues:105:5)
    at Object.&lt;anonymous&gt; (/Users/macbookpro/Desktop/GitHub/100-Days-of-Nodejs/level-03/automated-testing-framework/tests/api/users.test.js:63:22)</failure>
    </testcase>
    <testcase classname="Users API should update an existing user" name="Users API should update an existing user" time="0.004">
      <failure>AggregateError: 
    at Function.Object.&lt;anonymous&gt;.AxiosError.from (/Users/macbookpro/Desktop/GitHub/100-Days-of-Nodejs/level-03/automated-testing-framework/node_modules/axios/lib/core/AxiosError.js:92:14)
    at RedirectableRequest.handleRequestError (/Users/macbookpro/Desktop/GitHub/100-Days-of-Nodejs/level-03/automated-testing-framework/node_modules/axios/lib/adapters/http.js:620:25)
    at RedirectableRequest.emit (node:events:519:35)
    at ClientRequest.eventHandlers.&lt;computed&gt; (/Users/macbookpro/Desktop/GitHub/100-Days-of-Nodejs/level-03/automated-testing-framework/node_modules/follow-redirects/index.js:49:24)
    at ClientRequest.emit (node:events:507:28)
    at emitErrorEvent (node:_http_client:104:11)
    at Socket.socketErrorListener (node:_http_client:518:5)
    at Socket.emit (node:events:507:28)
    at emitErrorNT (node:internal/streams/destroy:170:8)
    at emitErrorCloseNT (node:internal/streams/destroy:129:3)
    at processTicksAndRejections (node:internal/process/task_queues:90:21)
    at Axios.request (/Users/macbookpro/Desktop/GitHub/100-Days-of-Nodejs/level-03/automated-testing-framework/node_modules/axios/lib/core/Axios.js:45:41)
    at processTicksAndRejections (node:internal/process/task_queues:105:5)
    at Object.&lt;anonymous&gt; (/Users/macbookpro/Desktop/GitHub/100-Days-of-Nodejs/level-03/automated-testing-framework/tests/api/users.test.js:80:22)</failure>
    </testcase>
    <testcase classname="Users API should delete a user" name="Users API should delete a user" time="0.007">
      <failure>RangeError: Maximum call stack size exceeded
    at ApiTest.delete (/Users/macbookpro/Desktop/GitHub/100-Days-of-Nodejs/level-03/automated-testing-framework/lib/api/index.js:143:23)
    at ApiTest.delete (/Users/macbookpro/Desktop/GitHub/100-Days-of-Nodejs/level-03/automated-testing-framework/lib/api/index.js:143:23)
    at ApiTest.delete (/Users/macbookpro/Desktop/GitHub/100-Days-of-Nodejs/level-03/automated-testing-framework/lib/api/index.js:143:23)
    at ApiTest.delete (/Users/macbookpro/Desktop/GitHub/100-Days-of-Nodejs/level-03/automated-testing-framework/lib/api/index.js:143:23)
    at ApiTest.delete (/Users/macbookpro/Desktop/GitHub/100-Days-of-Nodejs/level-03/automated-testing-framework/lib/api/index.js:143:23)
    at ApiTest.delete (/Users/macbookpro/Desktop/GitHub/100-Days-of-Nodejs/level-03/automated-testing-framework/lib/api/index.js:143:23)
    at ApiTest.delete (/Users/macbookpro/Desktop/GitHub/100-Days-of-Nodejs/level-03/automated-testing-framework/lib/api/index.js:143:23)
    at ApiTest.delete (/Users/macbookpro/Desktop/GitHub/100-Days-of-Nodejs/level-03/automated-testing-framework/lib/api/index.js:143:23)
    at ApiTest.delete (/Users/macbookpro/Desktop/GitHub/100-Days-of-Nodejs/level-03/automated-testing-framework/lib/api/index.js:143:23)
    at ApiTest.delete (/Users/macbookpro/Desktop/GitHub/100-Days-of-Nodejs/level-03/automated-testing-framework/lib/api/index.js:143:23)
    at ApiTest.delete (/Users/macbookpro/Desktop/GitHub/100-Days-of-Nodejs/level-03/automated-testing-framework/lib/api/index.js:143:23)
    at ApiTest.delete (/Users/macbookpro/Desktop/GitHub/100-Days-of-Nodejs/level-03/automated-testing-framework/lib/api/index.js:143:23)
    at ApiTest.delete (/Users/macbookpro/Desktop/GitHub/100-Days-of-Nodejs/level-03/automated-testing-framework/lib/api/index.js:143:23)
    at ApiTest.delete (/Users/macbookpro/Desktop/GitHub/100-Days-of-Nodejs/level-03/automated-testing-framework/lib/api/index.js:143:23)
    at ApiTest.delete (/Users/macbookpro/Desktop/GitHub/100-Days-of-Nodejs/level-03/automated-testing-framework/lib/api/index.js:143:23)
    at ApiTest.delete (/Users/macbookpro/Desktop/GitHub/100-Days-of-Nodejs/level-03/automated-testing-framework/lib/api/index.js:143:23)
    at ApiTest.delete (/Users/macbookpro/Desktop/GitHub/100-Days-of-Nodejs/level-03/automated-testing-framework/lib/api/index.js:143:23)
    at ApiTest.delete (/Users/macbookpro/Desktop/GitHub/100-Days-of-Nodejs/level-03/automated-testing-framework/lib/api/index.js:143:23)
    at ApiTest.delete (/Users/macbookpro/Desktop/GitHub/100-Days-of-Nodejs/level-03/automated-testing-framework/lib/api/index.js:143:23)
    at ApiTest.delete (/Users/macbookpro/Desktop/GitHub/100-Days-of-Nodejs/level-03/automated-testing-framework/lib/api/index.js:143:23)
    at ApiTest.delete (/Users/macbookpro/Desktop/GitHub/100-Days-of-Nodejs/level-03/automated-testing-framework/lib/api/index.js:143:23)
    at ApiTest.delete (/Users/macbookpro/Desktop/GitHub/100-Days-of-Nodejs/level-03/automated-testing-framework/lib/api/index.js:143:23)
    at ApiTest.delete (/Users/macbookpro/Desktop/GitHub/100-Days-of-Nodejs/level-03/automated-testing-framework/lib/api/index.js:143:23)
    at ApiTest.delete (/Users/macbookpro/Desktop/GitHub/100-Days-of-Nodejs/level-03/automated-testing-framework/lib/api/index.js:143:23)
    at ApiTest.delete (/Users/macbookpro/Desktop/GitHub/100-Days-of-Nodejs/level-03/automated-testing-framework/lib/api/index.js:143:23)
    at ApiTest.delete (/Users/macbookpro/Desktop/GitHub/100-Days-of-Nodejs/level-03/automated-testing-framework/lib/api/index.js:143:23)
    at ApiTest.delete (/Users/macbookpro/Desktop/GitHub/100-Days-of-Nodejs/level-03/automated-testing-framework/lib/api/index.js:143:23)
    at ApiTest.delete (/Users/macbookpro/Desktop/GitHub/100-Days-of-Nodejs/level-03/automated-testing-framework/lib/api/index.js:143:23)
    at ApiTest.delete (/Users/macbookpro/Desktop/GitHub/100-Days-of-Nodejs/level-03/automated-testing-framework/lib/api/index.js:143:23)
    at ApiTest.delete (/Users/macbookpro/Desktop/GitHub/100-Days-of-Nodejs/level-03/automated-testing-framework/lib/api/index.js:143:23)
    at ApiTest.delete (/Users/macbookpro/Desktop/GitHub/100-Days-of-Nodejs/level-03/automated-testing-framework/lib/api/index.js:143:23)
    at ApiTest.delete (/Users/macbookpro/Desktop/GitHub/100-Days-of-Nodejs/level-03/automated-testing-framework/lib/api/index.js:143:23)
    at ApiTest.delete (/Users/macbookpro/Desktop/GitHub/100-Days-of-Nodejs/level-03/automated-testing-framework/lib/api/index.js:143:23)
    at ApiTest.delete (/Users/macbookpro/Desktop/GitHub/100-Days-of-Nodejs/level-03/automated-testing-framework/lib/api/index.js:143:23)
    at ApiTest.delete (/Users/macbookpro/Desktop/GitHub/100-Days-of-Nodejs/level-03/automated-testing-framework/lib/api/index.js:143:23)
    at ApiTest.delete (/Users/macbookpro/Desktop/GitHub/100-Days-of-Nodejs/level-03/automated-testing-framework/lib/api/index.js:143:23)
    at ApiTest.delete (/Users/macbookpro/Desktop/GitHub/100-Days-of-Nodejs/level-03/automated-testing-framework/lib/api/index.js:143:23)
    at ApiTest.delete (/Users/macbookpro/Desktop/GitHub/100-Days-of-Nodejs/level-03/automated-testing-framework/lib/api/index.js:143:23)
    at ApiTest.delete (/Users/macbookpro/Desktop/GitHub/100-Days-of-Nodejs/level-03/automated-testing-framework/lib/api/index.js:143:23)
    at ApiTest.delete (/Users/macbookpro/Desktop/GitHub/100-Days-of-Nodejs/level-03/automated-testing-framework/lib/api/index.js:143:23)
    at ApiTest.delete (/Users/macbookpro/Desktop/GitHub/100-Days-of-Nodejs/level-03/automated-testing-framework/lib/api/index.js:143:23)
    at ApiTest.delete (/Users/macbookpro/Desktop/GitHub/100-Days-of-Nodejs/level-03/automated-testing-framework/lib/api/index.js:143:23)
    at ApiTest.delete (/Users/macbookpro/Desktop/GitHub/100-Days-of-Nodejs/level-03/automated-testing-framework/lib/api/index.js:143:23)
    at ApiTest.delete (/Users/macbookpro/Desktop/GitHub/100-Days-of-Nodejs/level-03/automated-testing-framework/lib/api/index.js:143:23)
    at ApiTest.delete (/Users/macbookpro/Desktop/GitHub/100-Days-of-Nodejs/level-03/automated-testing-framework/lib/api/index.js:143:23)
    at ApiTest.delete (/Users/macbookpro/Desktop/GitHub/100-Days-of-Nodejs/level-03/automated-testing-framework/lib/api/index.js:143:23)
    at ApiTest.delete (/Users/macbookpro/Desktop/GitHub/100-Days-of-Nodejs/level-03/automated-testing-framework/lib/api/index.js:143:23)
    at ApiTest.delete (/Users/macbookpro/Desktop/GitHub/100-Days-of-Nodejs/level-03/automated-testing-framework/lib/api/index.js:143:23)
    at ApiTest.delete (/Users/macbookpro/Desktop/GitHub/100-Days-of-Nodejs/level-03/automated-testing-framework/lib/api/index.js:143:23)
    at ApiTest.delete (/Users/macbookpro/Desktop/GitHub/100-Days-of-Nodejs/level-03/automated-testing-framework/lib/api/index.js:143:23)
    at ApiTest.delete (/Users/macbookpro/Desktop/GitHub/100-Days-of-Nodejs/level-03/automated-testing-framework/lib/api/index.js:143:23)
    at ApiTest.delete (/Users/macbookpro/Desktop/GitHub/100-Days-of-Nodejs/level-03/automated-testing-framework/lib/api/index.js:143:23)
    at ApiTest.delete (/Users/macbookpro/Desktop/GitHub/100-Days-of-Nodejs/level-03/automated-testing-framework/lib/api/index.js:143:23)
    at ApiTest.delete (/Users/macbookpro/Desktop/GitHub/100-Days-of-Nodejs/level-03/automated-testing-framework/lib/api/index.js:143:23)
    at ApiTest.delete (/Users/macbookpro/Desktop/GitHub/100-Days-of-Nodejs/level-03/automated-testing-framework/lib/api/index.js:143:23)
    at ApiTest.delete (/Users/macbookpro/Desktop/GitHub/100-Days-of-Nodejs/level-03/automated-testing-framework/lib/api/index.js:143:23)
    at ApiTest.delete (/Users/macbookpro/Desktop/GitHub/100-Days-of-Nodejs/level-03/automated-testing-framework/lib/api/index.js:143:23)
    at ApiTest.delete (/Users/macbookpro/Desktop/GitHub/100-Days-of-Nodejs/level-03/automated-testing-framework/lib/api/index.js:143:23)
    at ApiTest.delete (/Users/macbookpro/Desktop/GitHub/100-Days-of-Nodejs/level-03/automated-testing-framework/lib/api/index.js:143:23)
    at ApiTest.delete (/Users/macbookpro/Desktop/GitHub/100-Days-of-Nodejs/level-03/automated-testing-framework/lib/api/index.js:143:23)
    at ApiTest.delete (/Users/macbookpro/Desktop/GitHub/100-Days-of-Nodejs/level-03/automated-testing-framework/lib/api/index.js:143:23)
    at ApiTest.delete (/Users/macbookpro/Desktop/GitHub/100-Days-of-Nodejs/level-03/automated-testing-framework/lib/api/index.js:143:23)
    at ApiTest.delete (/Users/macbookpro/Desktop/GitHub/100-Days-of-Nodejs/level-03/automated-testing-framework/lib/api/index.js:143:23)
    at ApiTest.delete (/Users/macbookpro/Desktop/GitHub/100-Days-of-Nodejs/level-03/automated-testing-framework/lib/api/index.js:143:23)
    at ApiTest.delete (/Users/macbookpro/Desktop/GitHub/100-Days-of-Nodejs/level-03/automated-testing-framework/lib/api/index.js:143:23)
    at ApiTest.delete (/Users/macbookpro/Desktop/GitHub/100-Days-of-Nodejs/level-03/automated-testing-framework/lib/api/index.js:143:23)
    at ApiTest.delete (/Users/macbookpro/Desktop/GitHub/100-Days-of-Nodejs/level-03/automated-testing-framework/lib/api/index.js:143:23)
    at ApiTest.delete (/Users/macbookpro/Desktop/GitHub/100-Days-of-Nodejs/level-03/automated-testing-framework/lib/api/index.js:143:23)
    at ApiTest.delete (/Users/macbookpro/Desktop/GitHub/100-Days-of-Nodejs/level-03/automated-testing-framework/lib/api/index.js:143:23)
    at ApiTest.delete (/Users/macbookpro/Desktop/GitHub/100-Days-of-Nodejs/level-03/automated-testing-framework/lib/api/index.js:143:23)
    at ApiTest.delete (/Users/macbookpro/Desktop/GitHub/100-Days-of-Nodejs/level-03/automated-testing-framework/lib/api/index.js:143:23)
    at ApiTest.delete (/Users/macbookpro/Desktop/GitHub/100-Days-of-Nodejs/level-03/automated-testing-framework/lib/api/index.js:143:23)
    at ApiTest.delete (/Users/macbookpro/Desktop/GitHub/100-Days-of-Nodejs/level-03/automated-testing-framework/lib/api/index.js:143:23)
    at ApiTest.delete (/Users/macbookpro/Desktop/GitHub/100-Days-of-Nodejs/level-03/automated-testing-framework/lib/api/index.js:143:23)
    at ApiTest.delete (/Users/macbookpro/Desktop/GitHub/100-Days-of-Nodejs/level-03/automated-testing-framework/lib/api/index.js:143:23)
    at ApiTest.delete (/Users/macbookpro/Desktop/GitHub/100-Days-of-Nodejs/level-03/automated-testing-framework/lib/api/index.js:143:23)
    at ApiTest.delete (/Users/macbookpro/Desktop/GitHub/100-Days-of-Nodejs/level-03/automated-testing-framework/lib/api/index.js:143:23)
    at ApiTest.delete (/Users/macbookpro/Desktop/GitHub/100-Days-of-Nodejs/level-03/automated-testing-framework/lib/api/index.js:143:23)
    at ApiTest.delete (/Users/macbookpro/Desktop/GitHub/100-Days-of-Nodejs/level-03/automated-testing-framework/lib/api/index.js:143:23)
    at ApiTest.delete (/Users/macbookpro/Desktop/GitHub/100-Days-of-Nodejs/level-03/automated-testing-framework/lib/api/index.js:143:23)
    at ApiTest.delete (/Users/macbookpro/Desktop/GitHub/100-Days-of-Nodejs/level-03/automated-testing-framework/lib/api/index.js:143:23)
    at ApiTest.delete (/Users/macbookpro/Desktop/GitHub/100-Days-of-Nodejs/level-03/automated-testing-framework/lib/api/index.js:143:23)
    at ApiTest.delete (/Users/macbookpro/Desktop/GitHub/100-Days-of-Nodejs/level-03/automated-testing-framework/lib/api/index.js:143:23)
    at ApiTest.delete (/Users/macbookpro/Desktop/GitHub/100-Days-of-Nodejs/level-03/automated-testing-framework/lib/api/index.js:143:23)
    at ApiTest.delete (/Users/macbookpro/Desktop/GitHub/100-Days-of-Nodejs/level-03/automated-testing-framework/lib/api/index.js:143:23)
    at ApiTest.delete (/Users/macbookpro/Desktop/GitHub/100-Days-of-Nodejs/level-03/automated-testing-framework/lib/api/index.js:143:23)
    at ApiTest.delete (/Users/macbookpro/Desktop/GitHub/100-Days-of-Nodejs/level-03/automated-testing-framework/lib/api/index.js:143:23)
    at ApiTest.delete (/Users/macbookpro/Desktop/GitHub/100-Days-of-Nodejs/level-03/automated-testing-framework/lib/api/index.js:143:23)
    at ApiTest.delete (/Users/macbookpro/Desktop/GitHub/100-Days-of-Nodejs/level-03/automated-testing-framework/lib/api/index.js:143:23)
    at ApiTest.delete (/Users/macbookpro/Desktop/GitHub/100-Days-of-Nodejs/level-03/automated-testing-framework/lib/api/index.js:143:23)
    at ApiTest.delete (/Users/macbookpro/Desktop/GitHub/100-Days-of-Nodejs/level-03/automated-testing-framework/lib/api/index.js:143:23)
    at ApiTest.delete (/Users/macbookpro/Desktop/GitHub/100-Days-of-Nodejs/level-03/automated-testing-framework/lib/api/index.js:143:23)
    at ApiTest.delete (/Users/macbookpro/Desktop/GitHub/100-Days-of-Nodejs/level-03/automated-testing-framework/lib/api/index.js:143:23)
    at ApiTest.delete (/Users/macbookpro/Desktop/GitHub/100-Days-of-Nodejs/level-03/automated-testing-framework/lib/api/index.js:143:23)
    at ApiTest.delete (/Users/macbookpro/Desktop/GitHub/100-Days-of-Nodejs/level-03/automated-testing-framework/lib/api/index.js:143:23)
    at ApiTest.delete (/Users/macbookpro/Desktop/GitHub/100-Days-of-Nodejs/level-03/automated-testing-framework/lib/api/index.js:143:23)
    at ApiTest.delete (/Users/macbookpro/Desktop/GitHub/100-Days-of-Nodejs/level-03/automated-testing-framework/lib/api/index.js:143:23)
    at ApiTest.delete (/Users/macbookpro/Desktop/GitHub/100-Days-of-Nodejs/level-03/automated-testing-framework/lib/api/index.js:143:23)
    at ApiTest.delete (/Users/macbookpro/Desktop/GitHub/100-Days-of-Nodejs/level-03/automated-testing-framework/lib/api/index.js:143:23)
    at ApiTest.delete (/Users/macbookpro/Desktop/GitHub/100-Days-of-Nodejs/level-03/automated-testing-framework/lib/api/index.js:143:23)</failure>
    </testcase>
  </testsuite>
</testsuites>